[   0.00000]inux version 15.0-54-generic (buildd@lgw01-amd64-014) (gcc version 7.4.0 (Ubuntu 7.4.0-1ubuntu1~18.04.1)) #58-Ubuntu SMP Mon Jun 24 10:55:24 UTC 2019 (Ubuntu 4.15.0-54.58-genneric 4.15.18)
[    0.000000] Command line: BOOT_IMAGE=/boot/vmlinuz-4.15.0-54-generic root=UUID=b84f0176-44b1-4c9f-994d-2a772374f7f6 ro console=tty1 console=ttyS0
[    0.000000] KERNEL supported cpus:
[    0.000000]   Intel GenuineIntel
[    0.000000]   AMD AuthenticAMD
[    0.000000]   Centaur CentaurHauls
[    0.000000] x86/fpu: Supporting XSAVE feature 0x001:'x87floatingoint reisers'
[   .00000 x86/fpuSupporting XSAV fature 0x002: 'E regites'
   0.000000] x/fpu: Spprting SAE fetue 0x004:'AX regites'
[   0.00000]x8/fpu: stte_offset[2]:  576, xstte_sizes[2]:  256
[    0.000000] x86/fpu: Enabled xstate features 0x7, context size is 832 bytes, using 'standard' format.
[    0.000000] e820: BIOS-provided physical RAM map:
[    0.000000] BIOS-e820: [mem 0x0000000000000000-0x000000000009fbff] usable
[    0.000000] BIOS-e820: [mem 0x000000000009fc00-0x000000000009ffff] reserved
[    0.000000] BIOS-e820: [mem 0x00000000000f0000-0x00000000000fffff] reserved
[    0.000000] BIOS-e820: [mem 0x0000000000100000-0x000000003ffeffff] usable
[    0.000000] BIOS-e820: [mem 0x000000003fff0000-0x000000003fffffff] ACPI data
[    0.000000] BIOS-e820: [mem 0x00000000fec00000-0x00000000fec00fff] reserved
[    0.000000] BIOS-e820: [mem 0x00000000fee00000-0x00000000fee00fff] reserved
[    0.000000] BIOS-e820: [mem 0x00000000fffc0000-0x00000000ffffffff] reserved
[    0.000000] NX (Execute Disable) protection: active
[    0.000000] SMBIOS 2.5 present.
[    0.000000] DMI: innotek GmbH VirtualBox/VirtualBox, BIOS VirtualBox 12/01/2006
[    0.000000] Hypervisor detected: KVM
[    0.000000] e820: last_pfn = 0x3fff0 max_arch_pfn = 0x400000000
[    0.000000] MTRR: Disabled
[    0.000000] x86/PAT: MTRRs disabled, skipping PAT initialization too.
[    0.000000] CPU MTRRs all blank - virtualized system.
[    0.000000] x86/PAT: Configuration [0-7]: WB  WT  UC- UC  WB  WT  UC- UC  
[    0.000000] found SMP MP-table at [mem 0x0009fff0-0x0009ffff] mapped at [        (ptrval)]
[    0.000000] Scanning 1 areas for low memory corruption
[    0.000000] RAMDISK: [mem 0x359d3000-0x36ce0fff]
[    0.000000] ACPI: Early table checksum verification disabled
[    0.000000] ACPI: RSDP 0x00000000000E0000 000024 (v02 VBOX  )
[    0.000000] ACPI: XSDT 0x000000003FFF0030 00003C (v01 VBOX   VBOXXSDT 00000001 ASL  00000061)
[    0.000000] ACPI: FACP 0x000000003FFF00F0 0000F4 (v04 VBOX   VBOXFACP 00000001 ASL  00000061)
[    0.000000] ACPI: DSDT 0x000000003FF0470 001F (v02 BO   VOXBOS 000002 INTL2000528)
[  0.00000] CPI: FS 0x0000003FFF00 000040[    0000000]CPI: FACS 0000003FFF20 00040
[   0.00000] ACPI: APIC x00000003FFF0240 00005C (v02 VBOX   VBOXAPIC 00000001 ASL  00000061)
[    0.000000] ACPI: SSDT 0x000000003FFF02A0 0001CC (v01 VBOX   VBOXCPUT 00000002 INTL 20100528)
[    0.000000] No NUMA configuration found
[    0.000000] Faking a node at [mem 0x0000000000000000-0x000000003ffeffff]
[    0.000000] NODE_DATA(0) allocated [mem 0x3ffc5000-0x3ffeffff]
[    0.000000] kvm-clock: cpu 0, msr 0:3ff44001, primary cpu clock
[    0.000000] kvm-clock: Using msrs 4b564d01 and 4b564d00
[    0.000000] kvm-clock: using sched offset of 538900537 ycle
    0.00000] clocksource: kvm-clock: mask: 0xffffffffffffffff max_cycles: 0x1cd42e4dffb, max_idle_ns: 881590591483 ns
[    0.00000] Zne rans:
[   .00000]  DMA     [me 0x000000000010000x000000000fffff][    0.000000]   DMA32    [mem 0x0000000001000000-0x000000003ffeffff]
[    0.000000]   Normal   empty
[    0.000000]   Device   empty
[    0.000000] Movable zone start for each node
[    0.000000] Early memory node ranges
[   .00000]   nde    [mem 000000000010-0x0000000009efff
    0.000000]   node   0: [mem 0x0000000000100000-0x000000003ffeffff]
[    0.000000] Reserved but unavailable: 114 pages
[    0.000000] Initmem setup node 0 [mem 0x0000000000001000-0x000000003ffeffff]
[    0.000000] ACPI: PM-Timer IO Port: 0x4008
[    0.000000] IOAPIC[0]: apic_id 2, version 32, address 0xfec00000, GSI 0-23
[    0.000000] ACPI: INT_SRC_OVR (bus 0 bus_irq 0 global_irq 2 dfl dfl)
[    0.000000] ACPI: INT_SRC_OVR (bus 0 bus_irq 9 global_irq 9 low level)
[    0.000000] Using ACPI (MADT) for SMP configuration information
[    0.000000] smpboot: Allowing 2 CPUs, 0 hotplug CPUs
[    0.000000] PM: Registered nosave memory: [mem 0x00000000-0x00000fff]
[    0.000000] PM: Registered nosave memory: [mem 0x0009f000-0x0009ffff]
[    0.000000] PM: Registered nosave memory: [mem 0x000a0000-0x000effff]
[    0.000000] PM: Registered nosave memory: [mem 0x000f0000-0x000fffff]
[    0.000000] e820: [mem 0x40000000-0xfebfffff] available for PCI devices
[    0000000] Boting aravirtulied krnl on KM
[  0.0000] clockouce: refed-jiffies msk 0xffffff max_ccls: 0xffffff, max_idle_ns 7645596021168ns
    0.00000] rndm: gt_ando_bytes called from start_kernel+0x99/0x4fd with crng_init=0
[    0.000000] setup_percpu: NR_CPUS:8192 nr_cpumask_bits:2 nr_cpu_ids:2 nr_node_ids:1
[    0.000000] percpu: Embedded 46 pages/cpu @        (ptrval) s151552 r8192 d28672 u1048576
[    0.000000] PV qspinlock hash table entries: 256 (order: 0, 4096 bytes)
[    0.000000] Built 1 zonelists, mobility grouping on.  Total pages: 257913
[    0.000000] Policy zone: DMA32
[    0.000000] Kernel command line: BOOT_IMAGE=/boot/vmlinuz-4.15.0-54-generic root=UUID=b84f0176-44b1-4c9f-994d-2a772374f7f6 ro console=tty1 console=ttyS0
[    0.000000] Memory: 983072K/1048120K available (12300K kernel code, 2473K rwdata, 4272K rodata, 2408K init, 2416K bss, 65048K reserved, 0K cma-reserved)
[    0.000000] SLUB: HWalign=64, Order=0-3, MinObjects=0, CPUs=2, odes=1
[    0.000000] Kernel/User page tables isolation: enabled
[    0.000000] ftrace: allocating 39216 entries in 154 pages
[    0.004000] Hierarchical RCU implementation.
[    0.004000] 	RCU restritingCPs frm R_CPUS=812 o nr_cu_ds=2.
   0.0400] 	Tas RCenabed
[   .004000] RCU: Austing geomey for u_fanot_eaf=16 n_cpuds=2
[    0.004000] NR_IRQS: 524544, nr_irqs: 440, preallocated irqs: 16
[    0.004000] Console: colour VGA+ 80x25
[    0.004000] console [tty1] enable
[   0.004000] conole [ttyS0] enabled
[    0.004000] ACPI: Core revision 20170831
[    0.004000] ACPI: 2 ACPI AML tables successfully acquired and loaded
[    0.004000] APIC: Switch to symmetric I/O mode setup
[    0.004000] x2apic enabled
[    0.004006 Switched APIC routing to physical x2apic.
[    0.008940] ..TIMER: vector=0x30 apic1=0 pin1=2 apic2=-1 pin2=-1
[    0.012006] tsc: Detected 2808.000 MHz processor
[    0.016012] Calibrating delay loop (skipped) preset value.. 5616.00 BogoMIPS (lpj=11232000)
[    0.020008] pid_max: default: 32768 minimum: 301
[    0.024039] Security Framework initialized
[    0.028007] Yama: becoming mindful.
[    0.032033] AppArmor: AppArmor initialized
[    0.037525] Dentry cache hash table entries: 131072 (order: 8, 1048576 bytes)
[    0.040066] Inode-cache hash table entries: 65536 (order: 7, 524288 bytes)
[    0.044026] Mount-cache hash table entries: 2048 (order: 2, 16384 bytes)
[    0.048016] Mountpoint-cache hash table entries: 2048 (order: 2, 16384 bytes)
[    0.050246] mce: CPU supports 0 MCE banks
[    0.052016] Last level iTLB entries: 4KB 64, 2MB 8, 4MB 8
[    0.053725] Last level dTLB entries: 4KB 64, 2MB 0, 4MB 0, 1GB 4
[    0.055537] Spectre V2 : Mitigation: Full generic retpoline
[    0.056002] Spectre V2 : Spectre v2 / SpectreRSB mitigation: Filling RSB on context switch
[    0.058523] Speculative Store Bypass: Vulnerable
[    0.060046] MDS: Vulnerable: Clear CPU buffers attempted, no microcode
[    0.062056] Freeing SMP alternatives memory: 36K
[    0.068000] smpboot: CPU0: Intel(R) Core(TM) i7-7700HQ CPU @ 2.80GHz (family: 0x6, model: 0x9e, stepping: 0x9)
[    0.068083] Performance Events: unsupported p6 CPU model 158 no PMU driver, software events only.
[    0.072056] Hierarchical SRCU implementation.
[    0.076517] NMI watchdog: Perf event create on CPU 0 failed with -2
[    0.080006] NMI watchdog: Perf NMI watchdog permanently disabled
[    0.084091] smp: Bringing up secondary CPUs ...
[    0.088111] x86: Booting SMP configuration:
[    0.092007] .... node  #0, CPUs:      #1
[    0.004000] kvm-clock: cpu 1, msr 0:3ff44041, secondary cpu clock
[    0.004000] mce: CPU supports 0 MCE banks
[    0.150062] smp: Brought up 1 node, 2 CPUs
[    0.152011] smpboot: Max logical packages: 1
[    0.156010] smpboot: Total of 2 processors activated (11232.00 BogoMIPS)
[    0.160271] devtmpfs: initialized
[    0.164065] x86/mm: Memory block size: 128MB
[    0.168150] evm: security.selinux
[    0.172013] evm: security.SMACK64
[    0.176006] evm: security.SMACK64EXEC
[    0.180134] evm: security.SMACK64TRANSMUTE
[    0.184006] evm: security.SMACK64MMAP
[    0.188007] evm: security.apparmor
[    0.189186] evm: security.ima
[    0.192008] evm: security.capability
[    0.196129] clocksource: jiffies: mask: 0xffffffff max_cycles: 0xffffffff, max_idle_ns: 7645041785100000 ns
[    0.200017] futex hash table entries: 512 (order: 3, 32768 bytes)
[    0.201858] pinctrl core: initialized pinctrl subsystem
[    0.208114] RTC time: 18:45:30, date: 07/24/19
[    0.212367] NET: Registered protocol family 16
[    0.216085] audit: initializing netlink subsys (disabled)
[    0.220055] audit: type=2000 audit(1563993929.943:1): state=initialized audit_enabled=0 res=1
[    0.232012] cpuidle: using governor ladder
[    0.236014] cpuidle: using governor menu
[    0.239117] ACPI: bus type PCI registered
[    0.240006] acpiphp: ACPI Hot Plug PCI Controller Driver version: 0.5
[    0.244143] PCI: Using configuration type 1 for base access
[    0.249277] HugeTLB registered 2.00 MiB page size, pre-allocated 0 pages
[    0.252174] ACPI: Added _OSI(Module Device)
[    0.253734] ACPI: Added _OSI(Processor Device)
[    0.256006] ACPI: Added _OSI(3.0 _SCP Extensions)
[    0.257831] ACPI: Added _OSI(Processor Aggregator Device)
[    0.260010] ACPI: Added _OSI(Linux-Dell-Video)
[    0.264009] ACPI: Added _OSI(Linux-Lenovo-NV-HDMI-Audio)
[    0.266063] ACPI: Added _OSI(Linux-HPI-Hybrid-Graphics)
[    0.268812] ACPI: Executed 1 blocks of module-level executable AML code
[    0.278364] ACPI: Interpreter enabled
[    0.279871] ACPI: (supports S0 S5)
[    0.280006] ACPI: Using IOAPIC for interrupt routing
[    0.282481] PCI: Using host bridge windows from ACPI; if necessary, use "pci=nocrs" and report a bug
[    0.284248] ACPI: Enabled 2 GPEs in block 00 to 07
[    0.298418] ACPI: PCI Root Bridge [PCI0] (domain 0000 [bus 00-ff])
[    0.300019] acpi PNP0A03:00: _OSC: OS supports [ASPM ClockPM Segments MSI]
[    0.304049] acpi PNP0A03:00: _OSC: not requesting OS control; OS requires [ExtendedConfig ASPM ClockPM MSI]
[    0.308025] acpi PNP0A03:00: fail to add MMCONFIG information, can't access extended PCI configuration space under this bridge.
[    0.312803] PCI host bridge to bus 0000:00
[    0.316011] pci_bus 0000:00: root bus resource [io  0x0000-0x0cf7 window]
[    0.320009] pci_bus 0000:00: root bus resource [io  0x0d00-0xffff window]
[    0.324010] pci_bus 0000:00: root bus resource [mem 0x000a0000-0x000bffff window]
[    0.328009] pci_bus 0000:00: root bus resource [mem 0x40000000-0xfdffffff window]
[    0.332012] pci_bus 0000:00: root bus resource [bus 00-ff]
[    0.341590] pci 0000:00:01.1: legacy IDE quirk: reg 0x10: [io  0x01f0-0x01f7]
[    0.344011] pci 0000:00:01.1: legacy IDE quirk: reg 0x14: [io  0x03f6]
[    0.348010] pci 0000:00:01.1: legacy IDE quirk: reg 0x18: [io  0x0170-0x0177]
[    0.352011] pci 0000:00:01.1: legacy IDE quirk: reg 0x1c: [io  0x0376]
[    0.381836] pci 0000:00:07.0: quirk: [io  0x4000-0x403f] claimed by PIIX4 ACPI
[    0.384107] pci 0000:00:07.0: quirk: [io  0x4100-0x410f] claimed by PIIX4 SMB
[    0.400654] ACPI: PCI Interrupt Link [LNKA] (IRQs 5 9 10 *11)
[    0.404382] ACPI: PCI Interrupt Link [LNKB] (IRQs 5 9 *10 11)
[    0.408194] ACPI: PCI Interrupt Link [LNKC] (IRQs 5 *9 10 11)
[    0.412254] ACPI: PCI Interrupt Link [LNKD] (IRQs 5 9 10 *11)
[    0.416541] SCSI subsystem initialized
[    0.420085] pci 0000:00:02.0: vgaarb: setting as boot VGA device
[    0.424000] pci 0000:00:02.0: vgaarb: VGA device added: decodes=io+mem,owns=io+mem,locks=none
[    0.424014] pci 0000:00:02.0: vgaarb: bridge control possible
[    0.428006] vgaarb: loaded
[    0.432094] ACPI: bus type USB registered
[    0.436045] usbcore: registered new interface driver usbfs
[    0.440031] usbcore: registered new interface driver hub
[    0.444060] usbcore: registered new device driver usb
[    0.448091] EDAC MC: Ver: 3.0.0
[    0.456037] PCI: Using ACPI for IRQ routing
[    0.460434] NetLabel: Initializing
[    0.464006] NetLabel:  domain hash size = 128
[    0.468006] NetLabel:  protocols = UNLABELED CIPSOv4 CALIPSO
[    0.471034] NetLabel:  unlabeled traffic allowed by default
[    0.472132] clocksource: Switched to clocksource kvm-clock
[    0.490727] VFS: Disk quotas dquot_6.6.0
[    0.491888] VFS: Dquot-cache hash table entries: 512 (order 0, 4096 bytes)
[    0.494058] AppArmor: AppArmor Filesystem Enabled
[    0.495625] pnp: PnP ACPI init
[    0.499070] pnp: PnP ACPI: found 3 devices
[    0.513008] clocksource: acpi_pm: mask: 0xffffff max_cycles: 0xffffff, max_idle_ns: 2085701024 ns
[    0.5199] T:egsted prtol amly2
[    0.873270]TCestaisedhash table entie: 19 (de: 4, 6553 btes)[   3371 T bind hash able entries: 8192 (order: 5, 131072 bytes)
[    1.569282] TCP: Hash tables configured (established 8192 bind 8192)
[    1.571205] UDP hash table entries: 512 (order: 2, 16384 bytes)
[    1.573083] UDP-Lite hash table entries: 512 (order: 2, 16384 bytes)
[    1.575096] NET: Registered protocol family 1
[    1.576329] pci 0000:00:00.0: Limiting direct PCI/PCI transfers
[    1.578235] pci 0000:00:01.0: Activating ISA DMA hang workarounds
[    1.580125] pci 0000:00:02.0: Video device with shadowed ROM at [mem 0x000c0000-0x000dffff]
[    1.583039] Unpacking initramfs...

[    1.895361] Freeing initrd memory: 19512K
[    1.896905] clocksource: tsc: mask: 0xffffffffffffffff max_cycles: 0x2879c5f06f2, max_idle_ns: 440795220049 ns
[    1.900264] platform rtc_cmos: registered platform RTC device (no PNP device found)
[    1.902402] Scanning for low memory corruption every 60 seconds
[    1.904874] Initialise system trusted keyrings
[    1.906542] Key type blacklist registered
[    1.908310] workingset: timestamp_bits=36 max_order=18 bucket_order=0
[    1.911263] zbud: loaded
[    1.912676] squashfs: version 4.0 (2009/01/31) Phillip Lougher
[    1.914437] fuse init (API version 7.26)
[    1.919602] Key type asymmetric registered
[    1.984922] Asymmetric key parser 'x509' registered
[    2828]Blcklayer SCSI generic bs) drivr erio 04 oaed(mor 26)
[    2.698957] io scheduler noop registered
[    2.700100] io scheduler deadline registered
[    2.701554] io scheduler cfq registered (default)
[    2.703500] ACPI: AC Adapter [AC] (off-line)
[    2.704857] input: Power Button as /devices/LNXSYSTM:00/LNXPWRBN:00/input/input0
[    2.707567] ACPI: Power Button [PWRF]
[    2.708739] input: Sleep Button as /devices/LNXSYSTM:00/LNXSLPBN:00/input/input1
[    2.711304] ACPI: Sleep Button [SLPF]
[    2.714694] ACPI: Battery Slot [BAT0] (battery present)
[    2.716634] Serial: 8250/16550 driver, 32 ports, IRQ sharing enabled
[    2.743806] 00:02: tyS at /O 0x3 (rq = 4, base_baud = 115200) is a 16550A
[    2.972918] Linux agpgart interface v0.103
[    3.036291] loop: module loaded
[    3.085172] scsi host0: ata_piix
[   3.6486sci st: ta_pix
[    3.4238]ta PTAaxUDA/3 md 01f0 ctl 0x3f6 bmdma 0xd000 irq 14
[    3.782571] ata2: PATA max UDMA/33 cmd 0x170 ctl 0x376 bmdma 0xd008 irq 15

[    3.785435] libphy: Fixed MDIO Bus: probed
[    3.786592] tun: Universal TUN/TAP device driver, 1.6
[    3.788189] PPP generic driver version 2.4.2
[    3.789918] ehci_hcd: USB 2.0 'Enhanced' Host Controller (EHCI) Driver
[    3.791887] ehci-pci: EHCI PCI platform driver
[    3.793306] ehci-platform: EHCI generic platform driver
[    3.794991] ohci_hcd: USB 1.1 'Open' Host Controller (OHCI) Driver
[    3.797473] ohci-pci: OHCI PCI platform driver
[    3.798811] ohci-platform: OHCI generic platform driver
[    3.800468] uhci_hcd: USB Universal Host Controller Interface driver
[    3.802297] i8042: PNP: PS/2 Controller [PNP0303:PS2K,PNP0f03:PS2M] at 0x60,0x64 irq 1,12
[    3.805333] serio: i8042 KBD port at 0x60,0x64 irq 1
[    3.806816] serio: i8042 AUX port at 0x60,0x64 irq 12
[    3.808934] mousedev: PS/2 mouse device common for all mice
[    3.811463] input: AT Translated Set 2 keyboard as /devices/platform/i8042/serio0/input/input2
[    3.814379] rtc_cmos rtc_cmos: rtc core: registered rtc_cmos as rtc0
[    3.816672] rtc_cmos rtc_cmos: alarms up to one day, 114 bytes nvram
[    3.818462] i2c /dev entries driver
[    3.821525] device-mapper: uevent: version 1.0.3
[    3.823302] device-mapper: ioctl: 4.37.0-ioctl (2017-09-20) initialised: dm-devel@redhat.com
[    3.826234] ledtrig-cpu: registered to indicate activity on CPUs
[    3.828508] NET: Registered protocol family 10
[    3.833860] Segment Routing with IPv6
[    3.874464] NET: Registered protocol family 17
[    3.988539] Key type dns_resolver registered
[    4.118629] RAS: Correctable Errors collector initialized.
[    4.215417] sched_clock: Marking stable (4215375114, 0)->(12756272446, -8540897332)
[    4.325274] registered taskstats version 1
[    4.414079] Loading compiled-in X.509 certificates
[    4.491113] Loaded X.509 cert 'Build time autogenerated kernel key: 1cc14bc8298a06d551159822c55fa35abd77a621'
[    4.639991] zswap: loaded using pool lzo/zbud
[    4.700877] Key type big_key registered
[    4.787607] Key type trusted registered
[    4.838397] Key type encrypted registered
[    4.874794] AppArmor: AppArmor sha1 policy hashing enabled
[    4.887310] ima: No TPM chip found, activating TPM-bypass! (rc=-19)
[    4.890760] ima: Allocated hash algorithm: sha1
[    4.892074] evm: HMAC attrs: 0x1
[    4.893441]   Magic number: 11:954:797
[    4.894662] rtc_cmos rtc_cmos: setting system clock to 2019-07-24 18:45:35 UTC (1563993935)
[    4.898000] BIOS EDD facility v0.16 2004-Jun-25, 0 devices found
[    4.899884] EDD information not available.
[    4.903597] Freeing unused kernel image memory: 2408K
[    4.924198] Write protecting the kernel read-only data: 20480k
[    4.926760] Freeing unused kernel image memory: 2008K
[    4.928763] Freeing unused kernel image memory: 1872K
[    4.935148] x86/mm: Checked W+X mappings: passed, no W+X pages found.
[    5.025338] x86/mm: Checking user space page tables
[    5.110357] x86/mm: Checked W+X mappings: passed, no W+X pages found.
Loading, please wait...
starting version 237
[    5.236377] e1000: Intel(R) PRO/1000 Network Driver - version 7.3.21-k8-NAPI
[    5.284971] e1000: Copyright (c) 1999-2006 Intel Corporation.
[    5.297929] AVX2 version of gcm_enc/dec engaged.
[    5.363700] AES CTR mode by8 optimization enabled
[    5.411029] Fusion MPT base driver 3.04.20
[    5.451182] Copyright (c) 1999-2008 LSI Corporation
[    5.530915] Fusion MPT SPI Host driver 3.04.20
[    5.618564] input: ImExPS/2 Generic Explorer Mouse as /devices/platform/i8042/serio1/input/input4
[    5.934613] e1000 0000:00:03.0 eth0: (PCI:33MHz:32-bit) 02:06:b1:f3:7b:7f
[    5.976536] e1000 0000:00:03.0 eth0: Intel(R) PRO/1000 Network Connection
[    5.983209] mptbase: ioc0: Initiating bringup
[    6.080275] ioc0: LSI53C1030 A0: Capabilities={Initiator}
[    6.376293] scsi host2: ioc0: LSI53C1030 A0, FwRev=00000000h, Ports=1, MaxQ=256, IRQ=20
[    6.549601] scsi 2:0:0:0: Direct-Access     VBOX     HARDDISK         1.0  PQ: 0 ANSI: 5
[    6.740306] scsi target2:0:0: Beginning Domain Validation
[    6.841656] scsi target2:0:0: Domain Validation skipping write tests
[    6.843720] scsi target2:0:0: Ending Domain Validation
[    6.878265] scsi target2:0:0: asynchronous
[    6.968619] scsi 2:0:1:0: Direct-Access     VBOX     HARDDISK         1.0  PQ: 0 ANSI: 5
[    7.235879] scsi target2:0:1: Beginning Domain Validation
[    7.262289] e1000 0000:00:08.0 eth1: (PCI:33MHz:32-bit) 08:00:27:28:8d:fa
[    7.262294] e1000 0000:00:08.0 eth1: Intel(R) PRO/1000 Network Connection
[    7.409665] e1000 0000:00:08.0 enp0s8: renamed from eth1
[    7.417842] random: fast init done
[    7.450888] scsi target2:0:1: Domain Validation skipping write tests
[    7.473671] scsi target2:0:1: Ending Domain Validation
[    7.516878] scsi target2:0:1: asynchronous
[    7.520356] random: systemd-udevd: uninitialized urandom read (16 bytes read)
[    7.520537] random: systemd-udevd: uninitialized urandom read (16 bytes read)
[    7.520676] random: systemd-udevd: uninitialized urandom read (16 bytes read)
[    7.521819] e1000 0000:00:03.0 enp0s3: renamed from eth0
[    8.026038] sd 2:0:0:0: Attached scsi generic sg0 type 0
[    8.027434] sd 2:0:0:0: [sda] 20971520 512-byte logical blocks: (10.7 GB/10.0 GiB)
[    8.035206] sd 2:0:0:0: [sda] Write Protect is off
[    8.064651] sd 2:0:1:0: Attached scsi generic sg1 type 0
[    8.065377] sd 2:0:1:0: [sdb] 20480 512-byte logical blocks: (10.5 MB/10.0 MiB)
[    8.065481] sd 2:0:1:0: [sdb] Write Protect is off
[    8.065698] sd 2:0:0:0: [sda] Incomplete mode parameter data
[    8.065699] sd 2:0:0:0: [sda] Assuming drive cache: write through
[    8.065769] sd 2:0:1:0: [sdb] Incomplete mode parameter data
[    8.065770] sd 2:0:1:0: [sdb] Assuming drive cache: write through
[    8.067892]  sda: sda1
[    8.068970] sd 2:0:1:0: [sdb] Attached SCSI disk
[    8.069050] sd 2:0:0:0: [sda] Attached SCSI disk
Begin: Loading essential drivers ... [    9.632016] raid6: sse2x1   gen() 11182 MB/s
[    9.708237] raid6: sse2x1   xor()  7391 MB/s
[    9.824264] raid6: sse2x2   gen() 13948 MB/s
[    9.960040] raid6: sse2x2   xor()  9533 MB/s
[   10.072324] raid6: sse2x4   gen() 16849 MB/s
[   10.184050] raid6: sse2x4   xor()  9631 MB/s
[   10.300263] raid6: avx2x1   gen() 22732 MB/s
[   10.396121] raid6: avx2x1   xor() 15332 MB/s
[   10.444143] raid6: avx2x2   gen() 26242 MB/s
[   10.492256] raid6: avx2x2   xor() 17282 MB/s
[   10.604023] raid6: avx2x4   gen() 34025 MB/s
[   10.708286] raid6: avx2x4   xor() 20380 MB/s
[   10.757544] raid6: using algorithm avx2x4 gen() 34025 MB/s
[   10.852448] raid6: .... xor() 20380 MB/s, rmw enabled
[   10.945975] raid6: using avx2x2 recovery algorithm
[   11.045273] xor: automatically using best checksumming function   avx       
[   11.174201] async_tx: api initialized (async)
done.
Begin: Running /scripts/init-premount ... done[   11.306279] Btrfs loaded, crc32c=crc32c-intel
.
Begin: Mounting root file system ... Begin: Running /scripts/local-top ... done.
Begin: Running /scripts/local-premount ... Scanning for Btrfs filesystems
done.
Warning: fsck no[   11.368163] EXT4-fs (sda1): INFO: recovery required on readonly filesystem
t present, so skipping root file[   11.480991] EXT4-fs (sda1): write access will be enabled during recovery
 system
[   11.980268] EXT4-fs (sda1): recovery complete
[   12.043800] EXT4-fs (sda1): mounted filesystem with ordered data mode. Opts: (null)
done.
Begin: Running /scripts/local-bottom ... done.
Begin: Running /scripts/init-bottom ... done.
[   12.345108] ip_tables: (C) 2000-2006 Netfilter Core Team
[   12.351659] systemd[1]: systemd 237 running in system mode. (+PAM +AUDIT +SELINUX +IMA +APPARMOR +SMACK +SYSVINIT +UTMP +LIBCRYPTSETUP +GCRYPT +GNUTLS +ACL +XZ +LZ4 +SECCOMP +BLKID +ELFUTILS +KMOD -IDN2 +IDN -PCRE2 default-hierarchy=hybrid)
[   12.397577] systemd[1]: Detected virtualization oracle.
[   12.466674] systemd[1]: Detected architecture x86-64.

Welcome to [1mUbuntu 18.04.2 LTS[0m!

[   12.616243] systemd[1]: Set hostname to <rails-box>.
[   12.890222] systemd[1]: Started Forward Password Requests to Wall Directory Watch.
[[0;32m  OK  [0m] Started Forward Password Requests to Wall Directory Watch.
[   13.108417] systemd[1]: Reached target Swap.
[[0;32m  OK  [0m] Reached target Swap.
[   13.229437] systemd[1]: Set up automount Arbitrary Executable File Formats File System Automount Point.
[[0;32m  OK  [0m] Set up automount Arbitrary Executab…rmats File System Automount Point.
[   13.457207] systemd[1]: Reached target System Time Synchronized.
[[0;32m  OK  [0m] Reached target System Time Synchronized.
[   13.656867] systemd[1]: Reached target User and Group Name Lookups.
[[0;32m  OK  [0m] Reached target User and Group Name Lookups.
[   13.722913] systemd[1]: Created slice User and Session Slice.
[[0;32m  OK  [0m] Created slice User and Session Slice.
[[0;32m  OK  [0m] Created slice System Slice.
[[0;32m  OK  [0m] Listening on /dev/initctl Compatibility Named Pipe.
[[0;32m  OK  [0m] Listening on Device-mapper event daemon FIFOs.
[[0;32m  OK  [0m] Listening on Journal Socket.
         Mounting Huge Pages File System...
         Starting Remount Root and Kernel File Systems...
         Starting Uncomplicated firewall...
         Starting Set the console keyboard layout...
[[0;32m  OK  [0m] Listening on Journal Socket (/dev/log).
[[0;32m  OK  [0m] Listening on LVM2 poll daemon socket.
[[0;32m  OK  [0m] Created slice system-serial\x2dgetty.slice.
[[0;32m  OK  [0m] Listening on Journal Audit Socket.
[[0;32m  OK  [0m] Listening on udev Control Socket.
[[0;32m  OK  [0m] Listening on LVM2 metadata daemon socket.
         Starting Monitoring of LVM2 mirr[   13.781890] EXT4-fs (sda1): re-mounted. Opts: (null)
ors…ng dmeventd or progress polling...
         Starting Create [   13.867420] random: crng init done
list of required[   13.970162] random: 7 urandom warning(s) missed due to ratelimiting
 st…ce nodes for the current kernel...
[[0;32m  OK  [0m] Listening on RPCbind Server Activation Socket.
[[0;32m  OK  [0m] Listening on Syslog Socket.
         Starting Load Kernel Modules...
[[0;32m  OK  [0m] Listening on[   14.095545] Loading iSCSI transport class v2.0-870.
 udev Kernel Socket.
         Starting udev Coldplug all Devices...
[   14.164388] iscsi: registered transport (tcp)
         Mounting RPC Pipe File System...
         Mountin[   14.231316] iscsi: registered transport (iser)
g Kernel Debug File System...
[   14.310673] RPC: Registered named UNIX socket transport module.
[   14.433057] RPC: Registered udp transport module.
[   14.500436] RPC: Registered tcp transport module.
[   14.500437] RPC: Registered tcp NFSv4.1 backchannel transport module.
[[0;32m  OK  [0m] Reached target Slices.
[[0;32m  OK  [0m] Listening on Network Service Netlink Socket.
         Starting Journal Service...
[[0;32m  OK  [0m] Created slice system-postgresql.slice.
         Mounting POSIX Message Queue File System...
[[0;32m  OK  [0m] Started Journal Service.
[[0;32m  OK  [0m] Mounted Huge Pages File System.
[[0;32m  OK  [0m] Started Remount Root and Kernel File Systems.
[[0;32m  OK  [0m] Started Uncomplicated firewall.
[[0;32m  OK  [0m] Started Set the console keyboard layout.
[[0;32m  OK  [0m] Started Create list of required sta…vice nodes for the current kernel.
[[0;32m  OK  [0m] Started Load Kernel Modules.
[[0;32m  OK  [0m] Mounted RPC Pipe File System.
[[0;32m  OK  [0m] Mounted Kernel Debug File System.
[[0;32m  OK  [0m] Mounted POSIX Message Queue File System.
[[0;32m  OK  [0m] Started LVM2 metadata daemon.
         Starting Apply Kernel Variables...
         Mounting FUSE Control File System...
         Mounting Kernel Configuration File System...
         Starting Create Static Device Nodes in /dev...
         Starting Load/Save Random Seed...
         Starting Flush Journal to Persistent Storage...
[[0;32m  OK  [0m] Started Monitoring of LVM2 mirrors,…sing dmeventd or progress polling.
[[0;32m  OK  [0m] Started udev Coldplug all Devices.
[[0;32m  OK  [0m] Started Apply Kernel Variables.
[[0;32m  OK  [0m] Mounted FUSE Control File System.
[[0;32m  OK  [0m] Mounted Kernel Configuration File System.
[[0;32m  OK  [0m] Started Create Static Device Nodes in /dev.
[[0;32m  OK  [0m] Started Load/Save Random Seed.
         Starting udev Kernel Device Manager...
[[0;32m  OK  [0m] Reached target Local File Systems (Pre).
         Mounting Mount unit for heroku, revision 3776...
         Mounting Mount unit for core, revision 7169...
         Mounting Mount unit for core, revision 7270...
         Mounting Mount unit for tree, revision 18...
[[0;32m  OK  [0m] Reached target Local File Systems.
         Starting Preprocess NFS configuration...
         Starting Tell Plymouth To Write Out Runtime Data...
         Starting ebtables ruleset management...
         Starting AppArmor initialization...
         Starting Set console font and keymap...
[[0;32m  OK  [0m] Started udev Kernel Device Manager.
[[0;32m  OK  [0m] Mounted Mount unit for heroku, revision 3776.
[[0;32m  OK  [0m] Mounted Mount unit for core, revision 7169.
[[0;32m  OK  [0m] Mounted Mount unit for core, revision 7270.
[[0;32m  OK  [0m] Mounted Mount unit for tree, revision 18.
[[0;32m  OK  [0m] Started Preprocess NFS configuration.
[[0;32m  OK  [0m] Started Tell Plymouth To Write Out Runtime Data.
[[0;32m  OK  [0m] Started Set console font and keymap.
[[0;32m  OK  [0m] Found device /dev/ttyS0.
[[0;32m  OK  [0m] Started ebtables ruleset management.
[[0;32m  OK  [0m] Listening on Load/Save RF Kill Switch Status /dev/rfkill Watch.
[[0;32m  OK  [0m] Reached target NFS client services.
[[0;32m  OK  [0m] Started Dispatch Password Requests to Console Directory Watch.
[[0;32m  OK  [0m] Reached target Local Encrypted Volumes.
[[0;32m  OK  [0m] Started Flush Journal to Persistent Storage.
         Starting Create Volatile Files and Directories...
[[0;32m  OK  [0m] Started Create Volatile Files and Directories.
         Starting Update UTMP about System Boot/Shutdown...
         Starting RPC bind portmap service...
[[0;32m  OK  [0m] Started RPC bind portmap service.
[[0;32m  OK  [0m] Reached target RPC Port Mapper.
[[0;32m  OK  [0m] Started Update UTMP about System Boot/Shutdown.
[[0;32m  OK  [0m] Started AppArmor initialization.
         Starting Initial cloud-init job (pre-networking)...
[   17.394019] cloud-init[590]: Cloud-init v. 19.1-1-gbaa47854-0ubuntu1~18.04.1 running 'init-local' at Wed, 24 Jul 2019 18:45:47 +0000. Up 17.19 seconds.
[[0;32m  OK  [0m] Started Initial cloud-init job (pre-networking).
[[0;32m  OK  [0m] Reached target Network (Pre).
         Starting Network Service...
[[0;32m  OK  [0m] Started Network Service.
         Starting Network Name Resolution...
         Starting Wait for Network to be Configured...
[[0;32m  OK  [0m] Started Network Name Resolution.
[[0;32m  OK  [0m] Reached target Host and Network Name Lookups.
[[0;32m  OK  [0m] Reached target Network.
[[0;32m  OK  [0m] Started Wait for Network to be Configured.
         Starting Initial cloud-init job (metadata service crawler)...
[   20.052192] cloud-init[734]: Cloud-init v. 19.1-1-gbaa47854-0ubuntu1~18.04.1 running 'init' at Wed, 24 Jul 2019 18:45:50 +0000. Up 19.89 seconds.
[   20.096356] cloud-init[734]: ci-info: ++++++++++++++++++++++++++++++++++++++Net device info+++++++++++++++++++++++++++++++++++++++
[   20.124255] cloud-init[734]: ci-info: +--------+------+-----------------------------+---------------+--------+-------------------+
[   20.160231] cloud-init[734]: ci-info: | Device |  Up  |           Address           |      Mask     | Scope  |     Hw-Address    |
[[   20.276796] cloud-init[734]: ci-info: +--------+------+-----------------------------+---------------+--------+-------------------+
[   20.277104] cloud-init[734]: ci-info: | enp0s3 | True |          10.0.2.15          | 255.255.255.0 | global | 02:06:b1:f3:7b:7f |
[0;32m  OK  [0m] Started Initial cloud-init job (metadata service crawler).
[   20.277516] cloud-init[734]: ci-info: | enp0s3 | True |  fe80::6:b1ff:fef3:7b7f/64  |       .       |  link  | 02:06:b1:f3:7b:7f |
[[   20.399050] cloud-init[734]: ci-info: | enp0s8 | True |        192.168.50.50        | 255.255.255.0 | global | 08:00:27:28:8d:fa |
[   20.399390] cloud-init[734]: ci-info: | enp0s8 | True | fe80::a00:27ff:fe28:8dfa/64 |       .       |  link  | 08:00:27:28:8d:fa |
[   20.399845] cloud-init[734]: ci-info: |   lo   | True |          127.0.0.1          |   255.0.0.0   |  host  |         .         |
[   20.400758] cloud-init[734]: ci-info: |   lo   | True |           ::1/128           |       .       |  host  |         .         |
[   20.401596] cloud-init[734]: ci-info: +--------+------+-----------------------------+---------------+--------+-------------------+
[   20.402585] cloud-init[734]: ci-info: +++++++++++++++++++++++++++++Route IPv4 info+++++++++++++++++++++++++++++
[   20.402931] cloud-init[734]: ci-info: +-------+--------------+----------+-----------------+-----------+-------+
[   20.403468] cloud-init[734]: ci-info: | Route | Destination  | Gateway  |     Genmask     | Interface | Flags |
[   20.404126] cloud-init[734]: ci-info: +-------+--------------+----------+-----------------+-----------+-------+
[   20.404589] cloud-init[734]: ci-info: |   0   |   0.0.0.0    | 10.0.2.2 |     0.0.0.0     |   enp0s3  |   UG  |
[   20.405347] cloud-init[734]: ci-info: |   1   |   10.0.2.0   | 0.0.0.0  |  255.255.255.0  |   enp0s3  |   U   |
[   20.406983] cloud-init[734]: ci-info: |   2   |   10.0.2.2   | 0.0.0.0  | 255.255.255.255 |   enp0s3  |   UH  |
[   20.407504] cloud-init[734]: ci-info: |   3   | 192.168.50.0 | 0.0.0.0  |  255.255.255.0  |   enp0s8  |   U   |
[   20.407996] cloud-init[734]: ci-info: +-------+--------------+----------+-----------------+-----------+-------+
[   20.409019] cloud-init[734]: ci-info: +++++++++++++++++++Route IPv6 info+++++++++++++++++++
[0;32m  OK  [0m] Reached target Cloud-config availability.
[   20.409572] cloud-init[734]: ci-info: +-------+-------------+---------+-----------+-------+
[[   20.668376] cloud-init[734]: ci-info: | Route | Destination | Gateway | Interface | Flags |
[   20.668633] cloud-init[734]: ci-info: +-------+-------------+---------+-----------+-------+
[0;32m  OK  [0m] Reached target Network is Online.
[   20.669042] cloud-init[734]: ci-info: |   1   |  fe80::/64  |    ::   |   enp0s8  |   U   |
[[   20.824462] cloud-init[734]: ci-info: |   2   |  fe80::/64  |    ::   |   enp0s3  |   U   |
[   20.824727] [0;32m  OK  [0mcloud-init] [734]: Reached target Remote File Systems (Pre).ci-info: |   4   |    local    |    ::   |   enp0s3  |   U   |

[[   20.936331] cloud-init[734]: ci-info: |   5   |    local    |    ::   |   enp0s8  |   U   |
[   20.936633] cloud-init[734]: ci-info: |   6   |   ff00::/8  |    ::   |   enp0s8  |   U   |
[   20.937198] cloud-init[734]: ci-info: |   7   |   ff00::/8  |    ::   |   enp0s3  |   U   |
[0;32m  OK  [0m] Reached target Remote File Systems.
[   20.937767] cloud-init[734]: ci-info: +-------+-------------+---------+-----------+-------+
         Starting Availability of block devices...
[[0;32m  OK  [0m] Reached target System Initialization.
[[0;32m  OK  [0m] Listening on Open-iSCSI iscsid Socket.
[[0;32m  OK  [0m] Started Discard unused blocks once a week.
[[0;32m  OK  [0m] Started ACPI Events Check.
[[0;32m  OK  [0m] Reached target Paths.
[[0;32m  OK  [0m] Started Daily Cleanup of Temporary Directories.
[[0;32m  OK  [0m] Started Daily apt download activities.
         Starting LXD - unix socket.
[[0;32m  OK  [0m] Listening on D-Bus System Message Bus Socket.
[[0;32m  OK  [0m] Listening on ACPID Listen Socket.
         Starting Socket activation for snappy daemon.
[[0;32m  OK  [0m] Started Message of the Day.
[[0;32m  OK  [0m] Started Daily apt upgrade and clean activities.
[[0;32m  OK  [0m] Reached target Timers.
[[0;32m  OK  [0m] Listening on UUID daemon activation socket.
[[0;32m  OK  [0m] Started Availability of block devices.
[[0;32m  OK  [0m] Listening on LXD - unix socket.
[[0;32m  OK  [0m] Listening on Socket activation for snappy daemon.
[[0;32m  OK  [0m] Reached target Sockets.
[[0;32m  OK  [0m] Reached target Basic System.
[[0;32m  OK  [0m] Started FUSE filesystem for LXC.
         Starting PostgreSQL Cluster 11-main...
         Starting LSB: Record successful boot for GRUB...
[[0;32m  OK  [0m] Started Deferred execution scheduler.
         Starting Dispatcher daemon for systemd-networkd...
         Starting Permit User Sessions...
         Starting LXD - container startup/shutdown...
         Starting Login Service...
[[0;32m  OK  [0m] Started irqbalance daemon.
[[0;32m  OK  [0m] Started Regular background program processing daemon.
[[0;32m  OK  [0m] Started D-Bus System Message Bus.
[[0;32m  OK  [0m] Started Login Service.
[[0;32m  OK  [0m] Started Unattended Upgrades Shutdown.
         Starting Snappy daemon...
         Starting Accounts Service...
         Starting Resets System Activity Data Collector...
         Starting OpenBSD Secure Shell server...
         Starting Discard unused blocks...
         Starting System Logging Service...
         Starting LSB: automatic crash report generation...
         Starting Virtualbox guest utils...
[[0;32m  OK  [0m] Started Dispatcher daemon for systemd-networkd.
[[0;32m  OK  [0m] Started Permit User Sessions.
[[0;32m  OK  [0m] Started LXD - container startup/shutdown.
[[0;32m  OK  [0m] Started System Logging Service.
[[0;32m  OK  [0m] Started Resets System Activity Data Collector.
[[0;32m  OK  [0m] Started Discard unused blocks.
         Starting Authorization Manager...
         Starting Terminate Plymouth Boot Screen...
         Starting Hold until boot process finishes up...
[[0;32m  OK  [0m] Started Terminate Plymouth Boot Screen.
[[0;32m  OK  [0m] Started OpenBSD Secure Shell server.
[[0;32m  OK  [0m] Started LSB: Record successful boot for GRUB.
[[0;32m  OK  [0m] Started LSB: automatic crash report generation.
[[0;32m  OK  [0m] Started Virtualbox guest utils.
[[0;32m  OK  [0m] Started Hold until boot process finishes up.
[[0;32m  OK  [0m] Started Authorization Manager.
[[0;32m  OK  [0m] Started Accounts Service.
         Starting Set console scheme...
[[0;32m  OK  [0m] Started Serial Getty on ttyS0.
[[0;32m  OK  [0m] Started Set console scheme.
[[0;32m  OK  [0m] Created slice system-getty.slice.
[[0;32m  OK  [0m] Started Getty on tty1.
[[0;32m  OK  [0m] Reached target Login Prompts.
[[0;32m  OK  [0m] Started Snappy daemon.
         Starting Wait until snapd is fully seeded...
[[0;32m  OK  [0m] Started Wait until snapd is fully seeded.
         Starting Apply the settings specified in cloud-config...
[[0;32m  OK  [0m] Created slice User Slice of vagrant.
         Starting User Manager for UID 1000...
[[0;32m  OK  [0m] Started Session 1 of user vagrant.
[[0;32m  OK  [0m] Started User Manager for UID 1000.
[   24.038352] cloud-init[1312]: Cloud-init v. 19.1-1-gbaa47854-0ubuntu1~18.04.1 running 'modules:config' at Wed, 24 Jul 2019 18:45:54 +0000. Up 23.86 seconds.
[[0;32m  OK  [0m] Started Apply the settings specified in cloud-config.
[[0;32m  OK  [0m] Started PostgreSQL Cluster 11-main.
         Starting PostgreSQL RDBMS...
[[0;32m  OK  [0m] Started PostgreSQL RDBMS.
[[0;32m  OK  [0m] Reached target Multi-User System.
         Starting Execute cloud user/final scripts...
[[0;32m  OK  [0m] Reached target Graphical Interface.
         Starting Update UTMP about System Runlevel Changes...
[[0;32m  OK  [0m] Started Update UTMP about System Runlevel Changes.
[   25.616004] cloud-init[1582]: Cloud-init v. 19.1-1-gbaa47854-0ubuntu1~18.04.1 running 'modules:final' at Wed, 24 Jul 2019 18:45:56 +0000. Up 25.50 seconds.
[[0;32m  OK  [0m] Started Execute cloud user/final scripts.
[[0;32m  OK  [0m] Reached target Cloud-init target.
[   25.735955] cloud-init[1582]: Cloud-init v. 19.1-1-gbaa47854-0ubuntu1~18.04.1 finished at Wed, 24 Jul 2019 18:45:56 +0000. Datasource DataSourceNoCloud [seed=/dev/sdb][dsmode=net].  Up 25.60 seconds

Ubuntu 18.04.2 LTS rails-box ttyS0

rails-box login: 